
>>>>> Calculation Started: Sat May 24 14:43:14 2014

Graph initial triangle count computed: 1168 time: 0.000514
calculation by triangle count was done by 5.000000% for mu 0.213000
calculation by triangle count was done by 5.000000% for mu 0.444000
calculation by triangle count was done by 5.000000% for mu 0.499000
calculation by triangle count was done by 10.000000% for mu 0.213000
calculation by triangle count was done by 10.000000% for mu 0.444000
calculation by triangle count was done by 10.000000% for mu 0.499000
calculation by triangle count was done by 15.000000% for mu 0.213000
calculation by triangle count was done by 15.000000% for mu 0.444000
calculation by triangle count was done by 15.000000% for mu 0.499000
calculation by triangle count was done by 20.000000% for mu 0.213000
calculation by triangle count was done by 20.000000% for mu 0.444000
calculation by triangle count was done by 20.000000% for mu 0.499000
calculation by triangle count was done by 25.000000% for mu 0.213000
calculation by triangle count was done by 25.000000% for mu 0.444000
calculation by triangle count was done by 25.000000% for mu 0.499000
calculation by triangle count was done by 30.000000% for mu 0.213000
calculation by triangle count was done by 30.000000% for mu 0.444000
calculation by triangle count was done by 30.000000% for mu 0.499000
calculation by triangle count was done by 35.000000% for mu 0.213000
calculation by triangle count was done by 35.000000% for mu 0.444000
calculation by triangle count was done by 35.000000% for mu 0.499000
calculation by triangle count was done by 40.000000% for mu 0.213000
calculation by triangle count was done by 40.000000% for mu 0.444000
calculation by triangle count was done by 40.000000% for mu 0.499000
calculation by triangle count was done by 45.000000% for mu 0.213000
calculation by triangle count was done by 45.000000% for mu 0.444000
calculation by triangle count was done by 45.000000% for mu 0.499000
calculation by triangle count was done by 50.000000% for mu 0.213000
calculation by triangle count was done by 50.000000% for mu 0.444000
calculation by triangle count was done by 50.000000% for mu 0.499000
calculation by triangle count was done by 55.000000% for mu 0.213000
calculation by triangle count was done by 55.000000% for mu 0.444000
calculation by triangle count was done by 55.000000% for mu 0.499000
calculation by triangle count was done by 60.000000% for mu 0.213000
calculation by triangle count was done by 60.000000% for mu 0.444000
calculation by triangle count was done by 60.000000% for mu 0.499000
calculation by triangle count was done by 65.000000% for mu 0.213000
calculation by triangle count was done by 65.000000% for mu 0.444000
calculation by triangle count was done by 65.000000% for mu 0.499000
calculation by triangle count was done by 70.000000% for mu 0.213000
calculation by triangle count was done by 70.000000% for mu 0.444000
calculation by triangle count was done by 70.000000% for mu 0.499000
calculation by triangle count was done by 75.000000% for mu 0.213000
calculation by triangle count was done by 75.000000% for mu 0.444000
calculation by triangle count was done by 75.000000% for mu 0.499000
calculation by triangle count was done by 80.000000% for mu 0.213000
calculation by triangle count was done by 80.000000% for mu 0.444000
calculation by triangle count was done by 80.000000% for mu 0.499000
calculation by triangle count was done by 85.000000% for mu 0.213000
calculation by triangle count was done by 85.000000% for mu 0.444000
calculation by triangle count was done by 85.000000% for mu 0.499000
calculation by triangle count was done by 90.000000% for mu 0.213000
calculation by triangle count was done by 90.000000% for mu 0.444000
calculation by triangle count was done by 90.000000% for mu 0.499000
calculation by triangle count was done by 95.000000% for mu 0.213000
calculation by triangle count was done by 95.000000% for mu 0.444000
calculation by triangle count was done by 95.000000% for mu 0.499000
calculation by triangle count was done by 100.000000% for mu 0.213000
calculation by triangle count was done by 100.000000% for mu 0.444000
calculation by triangle count was done by 100.000000% for mu 0.499000

*** Calculation was done for mu: 0.213 ***

Writing Results for mu: 0.213 finished.

*** Calculation was done for mu: 0.444 ***

Writing Results for mu: 0.444 finished.

*** Calculation was done for mu: 0.499 ***

Writing Results for mu: 0.499 finished.
calculation by triangle count was done by 5.000000% for mu 0.432000
calculation by triangle count was done by 5.000000% for mu 0.222000
calculation by triangle count was done by 5.000000% for mu 0.270000
calculation by triangle count was done by 10.000000% for mu 0.432000
calculation by triangle count was done by 10.000000% for mu 0.222000
calculation by triangle count was done by 10.000000% for mu 0.270000
calculation by triangle count was done by 15.000000% for mu 0.432000
calculation by triangle count was done by 15.000000% for mu 0.222000
calculation by triangle count was done by 15.000000% for mu 0.270000
calculation by triangle count was done by 20.000000% for mu 0.432000
calculation by triangle count was done by 20.000000% for mu 0.222000
calculation by triangle count was done by 20.000000% for mu 0.270000
calculation by triangle count was done by 25.000000% for mu 0.432000
calculation by triangle count was done by 25.000000% for mu 0.222000
calculation by triangle count was done by 25.000000% for mu 0.270000
calculation by triangle count was done by 30.000000% for mu 0.432000
calculation by triangle count was done by 30.000000% for mu 0.222000
calculation by triangle count was done by 30.000000% for mu 0.270000
calculation by triangle count was done by 35.000000% for mu 0.432000
calculation by triangle count was done by 35.000000% for mu 0.222000
calculation by triangle count was done by 35.000000% for mu 0.270000
calculation by triangle count was done by 40.000000% for mu 0.432000
calculation by triangle count was done by 40.000000% for mu 0.222000
calculation by triangle count was done by 40.000000% for mu 0.270000
calculation by triangle count was done by 45.000000% for mu 0.432000
calculation by triangle count was done by 45.000000% for mu 0.222000
calculation by triangle count was done by 45.000000% for mu 0.270000
calculation by triangle count was done by 50.000000% for mu 0.432000
calculation by triangle count was done by 50.000000% for mu 0.222000
calculation by triangle count was done by 50.000000% for mu 0.270000
calculation by triangle count was done by 55.000000% for mu 0.432000
calculation by triangle count was done by 55.000000% for mu 0.222000
calculation by triangle count was done by 55.000000% for mu 0.270000
calculation by triangle count was done by 60.000000% for mu 0.432000
calculation by triangle count was done by 60.000000% for mu 0.222000
calculation by triangle count was done by 60.000000% for mu 0.270000
calculation by triangle count was done by 65.000000% for mu 0.432000
calculation by triangle count was done by 65.000000% for mu 0.222000
calculation by triangle count was done by 65.000000% for mu 0.270000
calculation by triangle count was done by 70.000000% for mu 0.432000
calculation by triangle count was done by 70.000000% for mu 0.222000
calculation by triangle count was done by 70.000000% for mu 0.270000
calculation by triangle count was done by 75.000000% for mu 0.432000
calculation by triangle count was done by 75.000000% for mu 0.222000
calculation by triangle count was done by 75.000000% for mu 0.270000
calculation by triangle count was done by 80.000000% for mu 0.432000
calculation by triangle count was done by 80.000000% for mu 0.222000
calculation by triangle count was done by 80.000000% for mu 0.270000
calculation by triangle count was done by 85.000000% for mu 0.432000
calculation by triangle count was done by 85.000000% for mu 0.222000
calculation by triangle count was done by 85.000000% for mu 0.270000
calculation by triangle count was done by 90.000000% for mu 0.432000
calculation by triangle count was done by 90.000000% for mu 0.222000
calculation by triangle count was done by 90.000000% for mu 0.270000
calculation by triangle count was done by 95.000000% for mu 0.432000
calculation by triangle count was done by 95.000000% for mu 0.222000
calculation by triangle count was done by 95.000000% for mu 0.270000
calculation by triangle count was done by 100.000000% for mu 0.432000
calculation by triangle count was done by 100.000000% for mu 0.222000
calculation by triangle count was done by 100.000000% for mu 0.270000

*** Calculation was done for mu: 0.432 ***

Writing Results for mu: 0.432 finished.

*** Calculation was done for mu: 0.222 ***

Writing Results for mu: 0.222 finished.

*** Calculation was done for mu: 0.27 ***

Writing Results for mu: 0.27 finished.
calculation by triangle count was done by 5.000000% for mu 0.251000
calculation by triangle count was done by 5.000000% for mu 0.359000
calculation by triangle count was done by 5.000000% for mu 0.411000
calculation by triangle count was done by 10.000000% for mu 0.251000
calculation by triangle count was done by 10.000000% for mu 0.359000
calculation by triangle count was done by 10.000000% for mu 0.411000
calculation by triangle count was done by 15.000000% for mu 0.251000
calculation by triangle count was done by 15.000000% for mu 0.359000
calculation by triangle count was done by 15.000000% for mu 0.411000
calculation by triangle count was done by 20.000000% for mu 0.251000
calculation by triangle count was done by 20.000000% for mu 0.359000
calculation by triangle count was done by 20.000000% for mu 0.411000
calculation by triangle count was done by 25.000000% for mu 0.251000
calculation by triangle count was done by 25.000000% for mu 0.359000
calculation by triangle count was done by 25.000000% for mu 0.411000
calculation by triangle count was done by 30.000000% for mu 0.251000
calculation by triangle count was done by 30.000000% for mu 0.359000
calculation by triangle count was done by 30.000000% for mu 0.411000
calculation by triangle count was done by 35.000000% for mu 0.251000
calculation by triangle count was done by 35.000000% for mu 0.359000
calculation by triangle count was done by 35.000000% for mu 0.411000
calculation by triangle count was done by 40.000000% for mu 0.251000
calculation by triangle count was done by 40.000000% for mu 0.359000
calculation by triangle count was done by 40.000000% for mu 0.411000
calculation by triangle count was done by 45.000000% for mu 0.251000
calculation by triangle count was done by 45.000000% for mu 0.359000
calculation by triangle count was done by 45.000000% for mu 0.411000
calculation by triangle count was done by 50.000000% for mu 0.251000
calculation by triangle count was done by 50.000000% for mu 0.359000
calculation by triangle count was done by 50.000000% for mu 0.411000
calculation by triangle count was done by 55.000000% for mu 0.251000
calculation by triangle count was done by 55.000000% for mu 0.359000
calculation by triangle count was done by 55.000000% for mu 0.411000
calculation by triangle count was done by 60.000000% for mu 0.251000
calculation by triangle count was done by 60.000000% for mu 0.359000
calculation by triangle count was done by 60.000000% for mu 0.411000
calculation by triangle count was done by 65.000000% for mu 0.251000
calculation by triangle count was done by 65.000000% for mu 0.359000
calculation by triangle count was done by 65.000000% for mu 0.411000
calculation by triangle count was done by 70.000000% for mu 0.251000
calculation by triangle count was done by 70.000000% for mu 0.359000
calculation by triangle count was done by 70.000000% for mu 0.411000
calculation by triangle count was done by 75.000000% for mu 0.251000
calculation by triangle count was done by 75.000000% for mu 0.359000
calculation by triangle count was done by 75.000000% for mu 0.411000
calculation by triangle count was done by 80.000000% for mu 0.251000
calculation by triangle count was done by 80.000000% for mu 0.359000
calculation by triangle count was done by 80.000000% for mu 0.411000
calculation by triangle count was done by 85.000000% for mu 0.251000
calculation by triangle count was done by 85.000000% for mu 0.359000
calculation by triangle count was done by 85.000000% for mu 0.411000
calculation by triangle count was done by 90.000000% for mu 0.251000
calculation by triangle count was done by 90.000000% for mu 0.359000
calculation by triangle count was done by 90.000000% for mu 0.411000
calculation by triangle count was done by 95.000000% for mu 0.251000
calculation by triangle count was done by 95.000000% for mu 0.359000
calculation by triangle count was done by 95.000000% for mu 0.411000
calculation by triangle count was done by 100.000000% for mu 0.251000
calculation by triangle count was done by 100.000000% for mu 0.359000
calculation by triangle count was done by 100.000000% for mu 0.411000

*** Calculation was done for mu: 0.251 ***

Writing Results for mu: 0.251 finished.

*** Calculation was done for mu: 0.359 ***

Writing Results for mu: 0.359 finished.

*** Calculation was done for mu: 0.411 ***

Writing Results for mu: 0.411 finished.
calculation by triangle count was done by 5.000000% for mu 0.333000
calculation by triangle count was done by 10.000000% for mu 0.333000
calculation by triangle count was done by 15.000000% for mu 0.333000
calculation by triangle count was done by 20.000000% for mu 0.333000
calculation by triangle count was done by 25.000000% for mu 0.333000
calculation by triangle count was done by 30.000000% for mu 0.333000
calculation by triangle count was done by 35.000000% for mu 0.333000
calculation by triangle count was done by 40.000000% for mu 0.333000
calculation by triangle count was done by 45.000000% for mu 0.333000
calculation by triangle count was done by 50.000000% for mu 0.333000
calculation by triangle count was done by 55.000000% for mu 0.333000
calculation by triangle count was done by 60.000000% for mu 0.333000
calculation by triangle count was done by 65.000000% for mu 0.333000
calculation by triangle count was done by 70.000000% for mu 0.333000
calculation by triangle count was done by 75.000000% for mu 0.333000
calculation by triangle count was done by 80.000000% for mu 0.333000
calculation by triangle count was done by 85.000000% for mu 0.333000
calculation by triangle count was done by 90.000000% for mu 0.333000
calculation by triangle count was done by 95.000000% for mu 0.333000
calculation by triangle count was done by 100.000000% for mu 0.333000

*** Calculation was done for mu: 0.333 ***

Writing Results for mu: 0.333 finished.

>>>>> Calculation Finished: Sat May 24 14:43:15 2014
